2018-11-16 11:49:43,988::INFO:: * Running on http://0.0.0.0:5000/ (Press CTRL+C to quit)
2018-11-16 11:50:01,746::INFO::127.0.0.1 - - [16/Nov/2018 11:50:01] "[37mGET / HTTP/1.1[0m" 200 -
2018-11-16 11:50:01,820::INFO::127.0.0.1 - - [16/Nov/2018 11:50:01] "[37mGET /static/css/sticky-footer.css HTTP/1.1[0m" 200 -
2018-11-16 11:50:02,130::INFO::127.0.0.1 - - [16/Nov/2018 11:50:02] "[33mGET /static/favicon.ico HTTP/1.1[0m" 404 -
2018-11-16 11:50:25,079::INFO::127.0.0.1 - - [16/Nov/2018 11:50:25] "[37mGET / HTTP/1.1[0m" 200 -
2018-11-16 11:50:25,193::INFO::127.0.0.1 - - [16/Nov/2018 11:50:25] "[33mGET /static/favicon.ico HTTP/1.1[0m" 404 -
2018-11-16 11:50:37,770::INFO::127.0.0.1 - - [16/Nov/2018 11:50:37] "[37mGET / HTTP/1.1[0m" 200 -
2018-11-16 11:50:37,866::INFO::127.0.0.1 - - [16/Nov/2018 11:50:37] "[33mGET /static/favicon.ico HTTP/1.1[0m" 404 -
2018-11-16 11:50:40,162::INFO::127.0.0.1 - - [16/Nov/2018 11:50:40] "[37mGET /signin/ HTTP/1.1[0m" 200 -
2018-11-16 11:50:40,235::INFO::127.0.0.1 - - [16/Nov/2018 11:50:40] "[37mGET /static/css/signin.css HTTP/1.1[0m" 200 -
2018-11-16 11:50:40,281::INFO::127.0.0.1 - - [16/Nov/2018 11:50:40] "[33mGET /static/favicon.ico HTTP/1.1[0m" 404 -
2018-11-16 11:50:43,504::INFO::127.0.0.1 - - [16/Nov/2018 11:50:43] "[1m[31mPOST /signin/ HTTP/1.1[0m" 405 -
2018-11-16 11:50:43,572::INFO::127.0.0.1 - - [16/Nov/2018 11:50:43] "[33mGET /favicon.ico HTTP/1.1[0m" 404 -
2018-11-16 11:50:46,561::INFO::127.0.0.1 - - [16/Nov/2018 11:50:46] "[33mGET /favicon.ico HTTP/1.1[0m" 404 -
2018-11-16 11:50:46,643::INFO::127.0.0.1 - - [16/Nov/2018 11:50:46] "[33mGET /static/favicon.ico HTTP/1.1[0m" 404 -
2018-11-16 11:50:51,030::INFO::127.0.0.1 - - [16/Nov/2018 11:50:51] "[37mGET / HTTP/1.1[0m" 200 -
2018-11-16 11:50:51,126::INFO::127.0.0.1 - - [16/Nov/2018 11:50:51] "[33mGET /static/favicon.ico HTTP/1.1[0m" 404 -
2018-11-16 11:52:04,474::INFO:: * Running on http://0.0.0.0:5000/ (Press CTRL+C to quit)
2018-11-16 11:52:07,929::INFO::127.0.0.1 - - [16/Nov/2018 11:52:07] "[37mGET / HTTP/1.1[0m" 200 -
2018-11-16 11:52:08,052::INFO::127.0.0.1 - - [16/Nov/2018 11:52:08] "[33mGET /static/favicon.ico HTTP/1.1[0m" 404 -
2018-11-16 11:52:08,794::INFO::127.0.0.1 - - [16/Nov/2018 11:52:08] "[37mGET /signin/ HTTP/1.1[0m" 200 -
2018-11-16 11:52:08,900::INFO::127.0.0.1 - - [16/Nov/2018 11:52:08] "[33mGET /static/favicon.ico HTTP/1.1[0m" 404 -
2018-11-16 11:52:11,279::INFO::Sign In: azepoi
2018-11-16 11:52:11,279::ERROR::Exception on /confirmsignin/ [POST]
Traceback (most recent call last):
  File "./Flaskapp/app.py", line 141, in signIn
    db.execute("SELECT isAdmin FROM Users WHERE username = %s and password = %s",(username,password))
sqlite3.ProgrammingError: SQLite objects created in a thread can only be used in that same thread. The object was created in thread id 140435592680960 and this is thread id 140435541944064.

During handling of the above exception, another exception occurred:

Traceback (most recent call last):
  File "/usr/lib/python3.7/site-packages/flask/app.py", line 2292, in wsgi_app
    response = self.full_dispatch_request()
  File "/usr/lib/python3.7/site-packages/flask/app.py", line 1815, in full_dispatch_request
    rv = self.handle_user_exception(e)
  File "/usr/lib/python3.7/site-packages/flask/app.py", line 1718, in handle_user_exception
    reraise(exc_type, exc_value, tb)
  File "/usr/lib/python3.7/site-packages/flask/_compat.py", line 35, in reraise
    raise value
  File "/usr/lib/python3.7/site-packages/flask/app.py", line 1813, in full_dispatch_request
    rv = self.dispatch_request()
  File "/usr/lib/python3.7/site-packages/flask/app.py", line 1799, in dispatch_request
    return self.view_functions[rule.endpoint](**req.view_args)
  File "./Flaskapp/app.py", line 144, in signIn
    conn.rollback()
sqlite3.ProgrammingError: SQLite objects created in a thread can only be used in that same thread. The object was created in thread id 140435592680960 and this is thread id 140435541944064.
2018-11-16 11:52:11,313::INFO::127.0.0.1 - - [16/Nov/2018 11:52:11] "[1m[35mPOST /confirmsignin/ HTTP/1.1[0m" 500 -
2018-11-16 11:52:11,404::INFO::127.0.0.1 - - [16/Nov/2018 11:52:11] "[33mGET /favicon.ico HTTP/1.1[0m" 404 -
2018-11-16 12:12:03,332::ERROR::connection to database failed
2018-11-16 12:12:22,104::ERROR::connection to database failed
2018-11-16 12:12:48,875::ERROR::connection to database failed
2018-11-16 12:14:12,523::ERROR::connection to database failed
2018-11-16 12:14:44,023::INFO:: * Running on http://0.0.0.0:5000/ (Press CTRL+C to quit)
2018-11-16 12:14:52,824::INFO::127.0.0.1 - - [16/Nov/2018 12:14:52] "[37mGET / HTTP/1.1[0m" 200 -
2018-11-16 12:14:52,888::INFO::127.0.0.1 - - [16/Nov/2018 12:14:52] "[36mGET /static/css/sticky-footer.css HTTP/1.1[0m" 304 -
2018-11-16 12:14:53,011::INFO::127.0.0.1 - - [16/Nov/2018 12:14:53] "[33mGET /static/favicon.ico HTTP/1.1[0m" 404 -
2018-11-16 12:14:54,629::INFO::127.0.0.1 - - [16/Nov/2018 12:14:54] "[37mGET /signin/ HTTP/1.1[0m" 200 -
2018-11-16 12:14:54,743::INFO::127.0.0.1 - - [16/Nov/2018 12:14:54] "[33mGET /static/favicon.ico HTTP/1.1[0m" 404 -
2018-11-16 12:14:57,292::INFO::Sign In: azepoi
2018-11-16 12:14:57,293::INFO::Sign In Failed
2018-11-16 12:14:57,294::INFO::127.0.0.1 - - [16/Nov/2018 12:14:57] "[32mPOST /confirmsignin/ HTTP/1.1[0m" 302 -
2018-11-16 12:14:57,302::INFO::127.0.0.1 - - [16/Nov/2018 12:14:57] "[37mGET /signin/ HTTP/1.1[0m" 200 -
2018-11-16 12:14:57,398::INFO::127.0.0.1 - - [16/Nov/2018 12:14:57] "[33mGET /static/favicon.ico HTTP/1.1[0m" 404 -
2018-11-16 12:15:06,559::INFO::Sign In: admin
2018-11-16 12:15:06,559::INFO::Sign In Successful
2018-11-16 12:15:06,559::INFO::Signed In: [['admin', True, 1542366906.559963]]
2018-11-16 12:15:06,560::INFO::127.0.0.1 - - [16/Nov/2018 12:15:06] "[32mPOST /confirmsignin/ HTTP/1.1[0m" 302 -
2018-11-16 12:15:06,567::INFO::127.0.0.1 - - [16/Nov/2018 12:15:06] "[37mGET /signin/ HTTP/1.1[0m" 200 -
2018-11-16 12:15:06,683::INFO::127.0.0.1 - - [16/Nov/2018 12:15:06] "[33mGET /static/favicon.ico HTTP/1.1[0m" 404 -
2018-11-16 12:15:08,844::INFO::Sign Out: admin
2018-11-16 12:15:08,845::INFO::127.0.0.1 - - [16/Nov/2018 12:15:08] "[32mGET /signout/ HTTP/1.1[0m" 302 -
2018-11-16 12:15:08,858::INFO::127.0.0.1 - - [16/Nov/2018 12:15:08] "[37mGET /signin/ HTTP/1.1[0m" 200 -
2018-11-16 12:15:08,964::INFO::127.0.0.1 - - [16/Nov/2018 12:15:08] "[33mGET /static/favicon.ico HTTP/1.1[0m" 404 -
2018-11-16 12:15:11,595::INFO::127.0.0.1 - - [16/Nov/2018 12:15:11] "[37mGET /signup/ HTTP/1.1[0m" 200 -
2018-11-16 12:15:11,713::INFO::127.0.0.1 - - [16/Nov/2018 12:15:11] "[33mGET /static/favicon.ico HTTP/1.1[0m" 404 -
2018-11-16 12:15:16,052::INFO::127.0.0.1 - - [16/Nov/2018 12:15:16] "[37mGET /copyright/ HTTP/1.1[0m" 200 -
2018-11-16 12:15:16,136::INFO::127.0.0.1 - - [16/Nov/2018 12:15:16] "[33mGET /static/favicon.ico HTTP/1.1[0m" 404 -
2018-11-16 12:15:25,943::INFO::127.0.0.1 - - [16/Nov/2018 12:15:25] "[37mGET / HTTP/1.1[0m" 200 -
2018-11-16 12:15:26,023::INFO::127.0.0.1 - - [16/Nov/2018 12:15:26] "[37mGET /static/css/sticky-footer.css HTTP/1.1[0m" 200 -
2018-11-16 12:15:26,249::INFO::127.0.0.1 - - [16/Nov/2018 12:15:26] "[33mGET /static/favicon.ico HTTP/1.1[0m" 404 -
2018-11-16 12:18:03,372::INFO:: * Running on http://0.0.0.0:5000/ (Press CTRL+C to quit)
2018-11-16 12:18:05,208::INFO::Signed In: []
2018-11-16 12:18:05,217::INFO::127.0.0.1 - - [16/Nov/2018 12:18:05] "[37mGET / HTTP/1.1[0m" 200 -
2018-11-16 12:18:05,275::INFO::127.0.0.1 - - [16/Nov/2018 12:18:05] "[36mGET /static/css/sticky-footer.css HTTP/1.1[0m" 304 -
2018-11-16 12:18:05,412::INFO::127.0.0.1 - - [16/Nov/2018 12:18:05] "[33mGET /static/favicon.ico HTTP/1.1[0m" 404 -
2018-11-16 12:18:06,635::INFO::Signed In: []
2018-11-16 12:18:06,637::INFO::127.0.0.1 - - [16/Nov/2018 12:18:06] "[37mGET /copyright/ HTTP/1.1[0m" 200 -
2018-11-16 12:18:06,741::INFO::127.0.0.1 - - [16/Nov/2018 12:18:06] "[33mGET /static/favicon.ico HTTP/1.1[0m" 404 -
2018-11-16 12:18:09,513::INFO::Signed In: []
2018-11-16 12:18:09,514::INFO::127.0.0.1 - - [16/Nov/2018 12:18:09] "[37mGET / HTTP/1.1[0m" 200 -
2018-11-16 12:18:09,613::INFO::127.0.0.1 - - [16/Nov/2018 12:18:09] "[33mGET /static/favicon.ico HTTP/1.1[0m" 404 -
2018-11-16 12:18:10,194::INFO::Signed In: []
2018-11-16 12:18:10,218::INFO::127.0.0.1 - - [16/Nov/2018 12:18:10] "[37mGET /catalog/?page=1&catid=-1&sortby=dateD&hidesold=false HTTP/1.1[0m" 200 -
2018-11-16 12:18:10,316::INFO::127.0.0.1 - - [16/Nov/2018 12:18:10] "[33mGET /static/favicon.ico HTTP/1.1[0m" 404 -
2018-11-16 12:18:11,015::INFO::Signed In: []
2018-11-16 12:18:11,049::INFO::127.0.0.1 - - [16/Nov/2018 12:18:11] "[37mGET /onlineshop/?page=1&catid=-1&sortby=dateD&hidesold=false HTTP/1.1[0m" 200 -
2018-11-16 12:18:11,145::INFO::127.0.0.1 - - [16/Nov/2018 12:18:11] "[33mGET /static/favicon.ico HTTP/1.1[0m" 404 -
2018-11-16 12:18:12,595::INFO::Signed In: []
2018-11-16 12:18:12,599::INFO::127.0.0.1 - - [16/Nov/2018 12:18:12] "[37mGET /signin/ HTTP/1.1[0m" 200 -
2018-11-16 12:18:12,658::INFO::127.0.0.1 - - [16/Nov/2018 12:18:12] "[37mGET /static/css/signin.css HTTP/1.1[0m" 200 -
2018-11-16 12:18:12,716::INFO::127.0.0.1 - - [16/Nov/2018 12:18:12] "[33mGET /static/favicon.ico HTTP/1.1[0m" 404 -
2018-11-16 12:18:22,545::INFO::Signed In: []
2018-11-16 12:18:22,615::INFO::Sign In: admin
2018-11-16 12:18:22,616::INFO::Sign In Successful
2018-11-16 12:18:22,616::INFO::127.0.0.1 - - [16/Nov/2018 12:18:22] "[32mPOST /confirmsignin/ HTTP/1.1[0m" 302 -
2018-11-16 12:18:22,627::INFO::Signed In: [['admin', True, 1542367102.6161962]]
2018-11-16 12:18:22,628::INFO::127.0.0.1 - - [16/Nov/2018 12:18:22] "[37mGET /signin/ HTTP/1.1[0m" 200 -
2018-11-16 12:18:22,726::INFO::127.0.0.1 - - [16/Nov/2018 12:18:22] "[33mGET /static/favicon.ico HTTP/1.1[0m" 404 -
2018-11-16 12:18:24,503::INFO::127.0.0.1 - - [16/Nov/2018 12:18:24] "[33mGET /account/ HTTP/1.1[0m" 404 -
2018-11-16 12:18:24,543::INFO::127.0.0.1 - - [16/Nov/2018 12:18:24] "[33mGET /favicon.ico HTTP/1.1[0m" 404 -
2018-11-16 12:18:26,328::INFO::127.0.0.1 - - [16/Nov/2018 12:18:26] "[33mGET /favicon.ico HTTP/1.1[0m" 404 -
2018-11-16 12:18:26,407::INFO::127.0.0.1 - - [16/Nov/2018 12:18:26] "[33mGET /static/favicon.ico HTTP/1.1[0m" 404 -
2018-11-16 12:18:30,517::INFO::Signed In: [['admin', True, 1542367102.6280048]]
2018-11-16 12:18:30,520::INFO::127.0.0.1 - - [16/Nov/2018 12:18:30] "[37mGET /signup/ HTTP/1.1[0m" 200 -
2018-11-16 12:18:30,623::INFO::127.0.0.1 - - [16/Nov/2018 12:18:30] "[33mGET /static/favicon.ico HTTP/1.1[0m" 404 -
2018-11-16 12:18:31,316::INFO::Signed In: [['admin', True, 1542367110.5174546]]
2018-11-16 12:18:31,317::INFO::127.0.0.1 - - [16/Nov/2018 12:18:31] "[37mGET /signin/ HTTP/1.1[0m" 200 -
2018-11-16 12:18:31,420::INFO::127.0.0.1 - - [16/Nov/2018 12:18:31] "[33mGET /static/favicon.ico HTTP/1.1[0m" 404 -
2018-11-16 12:18:35,627::INFO::Signed In: [['admin', True, 1542367111.3168921]]
2018-11-16 12:18:35,691::INFO::Sign In: aze
2018-11-16 12:18:35,691::INFO::Sign In Failed
2018-11-16 12:18:35,692::INFO::127.0.0.1 - - [16/Nov/2018 12:18:35] "[32mPOST /confirmsignin/ HTTP/1.1[0m" 302 -
2018-11-16 12:18:35,699::INFO::Signed In: [['admin', True, 1542367115.627433]]
2018-11-16 12:18:35,700::INFO::127.0.0.1 - - [16/Nov/2018 12:18:35] "[37mGET /signin/ HTTP/1.1[0m" 200 -
2018-11-16 12:18:35,791::INFO::127.0.0.1 - - [16/Nov/2018 12:18:35] "[33mGET /static/favicon.ico HTTP/1.1[0m" 404 -
2018-11-16 12:18:37,226::INFO::Signed In: [['admin', True, 1542367115.6998346]]
2018-11-16 12:18:37,227::INFO::127.0.0.1 - - [16/Nov/2018 12:18:37] "[37mGET /signup/ HTTP/1.1[0m" 200 -
2018-11-16 12:18:37,322::INFO::127.0.0.1 - - [16/Nov/2018 12:18:37] "[33mGET /static/favicon.ico HTTP/1.1[0m" 404 -
2018-11-16 12:18:40,726::INFO::Signed In: [['admin', True, 1542367117.2271194]]
2018-11-16 12:18:40,728::INFO::127.0.0.1 - - [16/Nov/2018 12:18:40] "[37mGET /terms/ HTTP/1.1[0m" 200 -
2018-11-16 12:18:40,808::INFO::127.0.0.1 - - [16/Nov/2018 12:18:40] "[33mGET /static/favicon.ico HTTP/1.1[0m" 404 -
2018-11-16 12:18:43,796::INFO::Signed In: [['admin', True, 1542367120.7270923]]
2018-11-16 12:18:43,796::INFO::Sign Out: admin
2018-11-16 12:18:43,797::INFO::127.0.0.1 - - [16/Nov/2018 12:18:43] "[32mGET /signout/ HTTP/1.1[0m" 302 -
2018-11-16 12:18:43,810::INFO::Signed In: []
2018-11-16 12:18:43,811::INFO::127.0.0.1 - - [16/Nov/2018 12:18:43] "[37mGET /terms/ HTTP/1.1[0m" 200 -
2018-11-16 12:18:43,886::INFO::127.0.0.1 - - [16/Nov/2018 12:18:43] "[33mGET /static/favicon.ico HTTP/1.1[0m" 404 -
2018-11-16 12:18:45,090::INFO::Signed In: []
2018-11-16 12:18:45,091::INFO::127.0.0.1 - - [16/Nov/2018 12:18:45] "[37mGET /signup/ HTTP/1.1[0m" 200 -
2018-11-16 12:18:45,178::INFO::127.0.0.1 - - [16/Nov/2018 12:18:45] "[33mGET /static/favicon.ico HTTP/1.1[0m" 404 -
2018-11-16 12:18:46,751::INFO::Signed In: []
2018-11-16 12:18:46,752::INFO::127.0.0.1 - - [16/Nov/2018 12:18:46] "[37mGET /onlineshop/?page=1&catid=-1&sortby=dateD&hidesold=false HTTP/1.1[0m" 200 -
2018-11-16 12:18:46,829::INFO::127.0.0.1 - - [16/Nov/2018 12:18:46] "[33mGET /static/favicon.ico HTTP/1.1[0m" 404 -
2018-11-16 12:18:47,439::INFO::Signed In: []
2018-11-16 12:18:47,440::INFO::127.0.0.1 - - [16/Nov/2018 12:18:47] "[37mGET / HTTP/1.1[0m" 200 -
2018-11-16 12:18:47,527::INFO::127.0.0.1 - - [16/Nov/2018 12:18:47] "[33mGET /static/favicon.ico HTTP/1.1[0m" 404 -
